This file contains any messages produced by compilers while
running configure, to aid debugging if configure makes a mistake.

It was created by rsccommon configure 0.1-trunk, which was
generated by GNU Autoconf 2.68.  Invocation command line was

  $ /home/rgwan/Projects/Rocaloid/rsccommon/configure --enable-maintainer-mode CFLAGS=-g -O0 CXXFLAGS=-g -O0 JFLAGS=-g -O0 FFLAGS=-g -O0

## --------- ##
## Platform. ##
## --------- ##

hostname = rgwan-desktop
uname -m = i686
uname -r = 3.5.0-23-generic
uname -s = Linux
uname -v = #35~precise1-Ubuntu SMP Fri Jan 25 17:15:33 UTC 2013

/usr/bin/uname -p = unknown
/bin/uname -X     = unknown

/bin/arch              = unknown
/usr/bin/arch -k       = unknown
/usr/convex/getsysinfo = unknown
/usr/bin/hostinfo      = unknown
/bin/machine           = unknown
/usr/bin/oslevel       = unknown
/bin/universe          = unknown

PATH: /usr/lib/lightdm/lightdm
PATH: /usr/local/sbin
PATH: /usr/local/bin
PATH: /usr/sbin
PATH: /usr/bin
PATH: /sbin
PATH: /bin
PATH: /usr/games
PATH: /home/rgwan/.local/bin
PATH: /home/rgwan/.local/sbin
PATH: /home/rgwan/.local/sdcc/usr/bin/
PATH: /opt/gb3/bin/
PATH: /opt/qq2011/bin
PATH: /usr/src/arm/bin


## ----------- ##
## Core tests. ##
## ----------- ##

configure:2411: checking for a BSD-compatible install
configure:2479: result: /usr/bin/install -c
configure:2490: checking whether build environment is sane
configure:2540: result: yes
configure:2681: checking for a thread-safe mkdir -p
configure:2720: result: /bin/mkdir -p
configure:2733: checking for gawk
configure:2749: found /usr/bin/gawk
configure:2760: result: gawk
configure:2771: checking whether make sets $(MAKE)
configure:2793: result: yes
configure:2885: checking whether make supports nested variables
configure:2902: result: yes
configure:2972: checking for g++
configure:2988: found /usr/bin/g++
configure:2999: result: g++
configure:3026: checking for C++ compiler version
configure:3035: g++ --version >&5
g++ (Ubuntu/Linaro 4.6.3-1ubuntu5) 4.6.3
Copyright (C) 2011 Free Software Foundation, Inc.
This is free software; see the source for copying conditions.  There is NO
warranty; not even for MERCHANTABILITY or FITNESS FOR A PARTICULAR PURPOSE.

configure:3046: $? = 0
configure:3035: g++ -v >&5
Using built-in specs.
COLLECT_GCC=g++
COLLECT_LTO_WRAPPER=/usr/lib/gcc/i686-linux-gnu/4.6/lto-wrapper
Target: i686-linux-gnu
Configured with: ../src/configure -v --with-pkgversion='Ubuntu/Linaro 4.6.3-1ubuntu5' --with-bugurl=file:///usr/share/doc/gcc-4.6/README.Bugs --enable-languages=c,c++,fortran,objc,obj-c++ --prefix=/usr --program-suffix=-4.6 --enable-shared --enable-linker-build-id --with-system-zlib --libexecdir=/usr/lib --without-included-gettext --enable-threads=posix --with-gxx-include-dir=/usr/include/c++/4.6 --libdir=/usr/lib --enable-nls --with-sysroot=/ --enable-clocale=gnu --enable-libstdcxx-debug --enable-libstdcxx-time=yes --enable-gnu-unique-object --enable-plugin --enable-objc-gc --enable-targets=all --disable-werror --with-arch-32=i686 --with-tune=generic --enable-checking=release --build=i686-linux-gnu --host=i686-linux-gnu --target=i686-linux-gnu
Thread model: posix
gcc version 4.6.3 (Ubuntu/Linaro 4.6.3-1ubuntu5) 
configure:3046: $? = 0
configure:3035: g++ -V >&5
g++: error: unrecognized option '-V'
g++: fatal error: no input files
compilation terminated.
configure:3046: $? = 4
configure:3035: g++ -qversion >&5
g++: error: unrecognized option '-qversion'
g++: fatal error: no input files
compilation terminated.
configure:3046: $? = 4
configure:3066: checking whether the C++ compiler works
configure:3088: g++ -g -O0   conftest.cpp  >&5
configure:3092: $? = 0
configure:3140: result: yes
configure:3143: checking for C++ compiler default output file name
configure:3145: result: a.out
configure:3151: checking for suffix of executables
configure:3158: g++ -o conftest -g -O0   conftest.cpp  >&5
configure:3162: $? = 0
configure:3184: result: 
configure:3206: checking whether we are cross compiling
configure:3214: g++ -o conftest -g -O0   conftest.cpp  >&5
configure:3218: $? = 0
configure:3225: ./conftest
configure:3229: $? = 0
configure:3244: result: no
configure:3249: checking for suffix of object files
configure:3271: g++ -c -g -O0  conftest.cpp >&5
configure:3275: $? = 0
configure:3296: result: o
configure:3300: checking whether we are using the GNU C++ compiler
configure:3319: g++ -c -g -O0  conftest.cpp >&5
configure:3319: $? = 0
configure:3328: result: yes
configure:3337: checking whether g++ accepts -g
configure:3357: g++ -c -g  conftest.cpp >&5
configure:3357: $? = 0
configure:3398: result: yes
configure:3432: checking for style of include used by make
configure:3460: result: GNU
configure:3486: checking dependency style of g++
configure:3597: result: gcc3
configure:3617: checking whether NLS is requested
configure:3626: result: yes
configure:3678: checking for gcc
configure:3694: found /usr/bin/gcc
configure:3705: result: gcc
configure:3934: checking for C compiler version
configure:3943: gcc --version >&5
gcc (Ubuntu/Linaro 4.6.3-1ubuntu5) 4.6.3
Copyright (C) 2011 Free Software Foundation, Inc.
This is free software; see the source for copying conditions.  There is NO
warranty; not even for MERCHANTABILITY or FITNESS FOR A PARTICULAR PURPOSE.

configure:3954: $? = 0
configure:3943: gcc -v >&5
Using built-in specs.
COLLECT_GCC=gcc
COLLECT_LTO_WRAPPER=/usr/lib/gcc/i686-linux-gnu/4.6/lto-wrapper
Target: i686-linux-gnu
Configured with: ../src/configure -v --with-pkgversion='Ubuntu/Linaro 4.6.3-1ubuntu5' --with-bugurl=file:///usr/share/doc/gcc-4.6/README.Bugs --enable-languages=c,c++,fortran,objc,obj-c++ --prefix=/usr --program-suffix=-4.6 --enable-shared --enable-linker-build-id --with-system-zlib --libexecdir=/usr/lib --without-included-gettext --enable-threads=posix --with-gxx-include-dir=/usr/include/c++/4.6 --libdir=/usr/lib --enable-nls --with-sysroot=/ --enable-clocale=gnu --enable-libstdcxx-debug --enable-libstdcxx-time=yes --enable-gnu-unique-object --enable-plugin --enable-objc-gc --enable-targets=all --disable-werror --with-arch-32=i686 --with-tune=generic --enable-checking=release --build=i686-linux-gnu --host=i686-linux-gnu --target=i686-linux-gnu
Thread model: posix
gcc version 4.6.3 (Ubuntu/Linaro 4.6.3-1ubuntu5) 
configure:3954: $? = 0
configure:3943: gcc -V >&5
gcc: error: unrecognized option '-V'
gcc: fatal error: no input files
compilation terminated.
configure:3954: $? = 4
configure:3943: gcc -qversion >&5
gcc: error: unrecognized option '-qversion'
gcc: fatal error: no input files
compilation terminated.
configure:3954: $? = 4
configure:3958: checking whether we are using the GNU C compiler
configure:3977: gcc -c -g -O0  conftest.c >&5
configure:3977: $? = 0
configure:3986: result: yes
configure:3995: checking whether gcc accepts -g
configure:4015: gcc -c -g  conftest.c >&5
configure:4015: $? = 0
configure:4056: result: yes
configure:4073: checking for gcc option to accept ISO C89
configure:4137: gcc  -c -g -O0  conftest.c >&5
configure:4137: $? = 0
configure:4150: result: none needed
configure:4172: checking dependency style of gcc
configure:4283: result: gcc3
configure:4313: checking for intltool >= 0.35.0
configure:4315: result: 0.50.2 found
configure:4323: checking for intltool-update
configure:4341: found /usr/bin/intltool-update
configure:4353: result: /usr/bin/intltool-update
configure:4363: checking for intltool-merge
configure:4381: found /usr/bin/intltool-merge
configure:4393: result: /usr/bin/intltool-merge
configure:4403: checking for intltool-extract
configure:4421: found /usr/bin/intltool-extract
configure:4433: result: /usr/bin/intltool-extract
configure:4587: checking for xgettext
configure:4605: found /usr/bin/xgettext
configure:4617: result: /usr/bin/xgettext
configure:4627: checking for msgmerge
configure:4645: found /usr/bin/msgmerge
configure:4657: result: /usr/bin/msgmerge
configure:4667: checking for msgfmt
configure:4685: found /usr/bin/msgfmt
configure:4697: result: /usr/bin/msgfmt
configure:4707: checking for gmsgfmt
configure:4738: result: /usr/bin/msgfmt
configure:4758: checking for perl
configure:4776: found /usr/bin/perl
configure:4788: result: /usr/bin/perl
configure:4799: checking for perl >= 5.8.1
configure:4806: result: 5.14.2
configure:4810: checking for XML::Parser
configure:4813: result: ok
configure:4838: gcc -o conftest -g -O0   conftest.c  >&5
configure:4838: $? = 0
configure:4877: checking how to run the C preprocessor
configure:4908: gcc -E  conftest.c
configure:4908: $? = 0
configure:4922: gcc -E  conftest.c
conftest.c:12:28: fatal error: ac_nonexistent.h: No such file or directory
compilation terminated.
configure:4922: $? = 1
configure: failed program was:
| /* confdefs.h */
| #define PACKAGE_NAME "rsccommon"
| #define PACKAGE_TARNAME "rsccommon"
| #define PACKAGE_VERSION "0.1-trunk"
| #define PACKAGE_STRING "rsccommon 0.1-trunk"
| #define PACKAGE_BUGREPORT ""
| #define PACKAGE_URL ""
| #define PACKAGE "rsccommon"
| #define VERSION "0.1-trunk"
| #define GETTEXT_PACKAGE "rsccommon"
| /* end confdefs.h.  */
| #include <ac_nonexistent.h>
configure:4947: result: gcc -E
configure:4967: gcc -E  conftest.c
configure:4967: $? = 0
configure:4981: gcc -E  conftest.c
conftest.c:12:28: fatal error: ac_nonexistent.h: No such file or directory
compilation terminated.
configure:4981: $? = 1
configure: failed program was:
| /* confdefs.h */
| #define PACKAGE_NAME "rsccommon"
| #define PACKAGE_TARNAME "rsccommon"
| #define PACKAGE_VERSION "0.1-trunk"
| #define PACKAGE_STRING "rsccommon 0.1-trunk"
| #define PACKAGE_BUGREPORT ""
| #define PACKAGE_URL ""
| #define PACKAGE "rsccommon"
| #define VERSION "0.1-trunk"
| #define GETTEXT_PACKAGE "rsccommon"
| /* end confdefs.h.  */
| #include <ac_nonexistent.h>
configure:5010: checking for grep that handles long lines and -e
configure:5068: result: /bin/grep
configure:5073: checking for egrep
configure:5135: result: /bin/grep -E
configure:5140: checking for ANSI C header files
configure:5160: gcc -c -g -O0  conftest.c >&5
configure:5160: $? = 0
configure:5233: gcc -o conftest -g -O0   conftest.c  >&5
configure:5233: $? = 0
configure:5233: ./conftest
configure:5233: $? = 0
configure:5244: result: yes
configure:5257: checking for sys/types.h
configure:5257: gcc -c -g -O0  conftest.c >&5
configure:5257: $? = 0
configure:5257: result: yes
configure:5257: checking for sys/stat.h
configure:5257: gcc -c -g -O0  conftest.c >&5
configure:5257: $? = 0
configure:5257: result: yes
configure:5257: checking for stdlib.h
configure:5257: gcc -c -g -O0  conftest.c >&5
configure:5257: $? = 0
configure:5257: result: yes
configure:5257: checking for string.h
configure:5257: gcc -c -g -O0  conftest.c >&5
configure:5257: $? = 0
configure:5257: result: yes
configure:5257: checking for memory.h
configure:5257: gcc -c -g -O0  conftest.c >&5
configure:5257: $? = 0
configure:5257: result: yes
configure:5257: checking for strings.h
configure:5257: gcc -c -g -O0  conftest.c >&5
configure:5257: $? = 0
configure:5257: result: yes
configure:5257: checking for inttypes.h
configure:5257: gcc -c -g -O0  conftest.c >&5
configure:5257: $? = 0
configure:5257: result: yes
configure:5257: checking for stdint.h
configure:5257: gcc -c -g -O0  conftest.c >&5
configure:5257: $? = 0
configure:5257: result: yes
configure:5257: checking for unistd.h
configure:5257: gcc -c -g -O0  conftest.c >&5
configure:5257: $? = 0
configure:5257: result: yes
configure:5272: checking locale.h usability
configure:5272: gcc -c -g -O0  conftest.c >&5
configure:5272: $? = 0
configure:5272: result: yes
configure:5272: checking locale.h presence
configure:5272: gcc -E  conftest.c
configure:5272: $? = 0
configure:5272: result: yes
configure:5272: checking for locale.h
configure:5272: result: yes
configure:5283: checking for LC_MESSAGES
configure:5299: gcc -o conftest -g -O0   conftest.c  >&5
configure:5299: $? = 0
configure:5307: result: yes
configure:5324: checking libintl.h usability
configure:5324: gcc -c -g -O0  conftest.c >&5
configure:5324: $? = 0
configure:5324: result: yes
configure:5324: checking libintl.h presence
configure:5324: gcc -E  conftest.c
configure:5324: $? = 0
configure:5324: result: yes
configure:5324: checking for libintl.h
configure:5324: result: yes
configure:5332: checking for ngettext in libc
configure:5350: gcc -o conftest -g -O0   conftest.c  >&5
configure:5350: $? = 0
configure:5359: result: yes
configure:5363: checking for dgettext in libc
configure:5381: gcc -o conftest -g -O0   conftest.c  >&5
configure:5381: $? = 0
configure:5390: result: yes
configure:5397: checking for bind_textdomain_codeset
configure:5397: gcc -o conftest -g -O0   conftest.c  >&5
configure:5397: $? = 0
configure:5397: result: yes
configure:5673: checking for msgfmt
configure:5700: result: /usr/bin/msgfmt
configure:5711: checking for dcgettext
configure:5711: gcc -o conftest -g -O0   conftest.c   >&5
conftest.c:49:6: warning: conflicting types for built-in function 'dcgettext' [enabled by default]
configure:5711: $? = 0
configure:5711: result: yes
configure:5721: checking if msgfmt accepts -c
configure:5736: $MSGFMT -c -o /dev/null conftest.foo
configure:5739: $? = 0
configure:5741: result: yes
configure:5751: checking for gmsgfmt
configure:5782: result: /usr/bin/msgfmt
configure:5792: checking for xgettext
configure:5819: result: /usr/bin/xgettext
configure:5838: gcc -o conftest -g -O0   conftest.c   >&5
configure:5838: $? = 0
configure:6009: checking build system type
configure:6023: result: i686-pc-linux-gnu
configure:6043: checking host system type
configure:6056: result: i686-pc-linux-gnu
configure:6097: checking how to print strings
configure:6124: result: printf
configure:6145: checking for a sed that does not truncate output
configure:6209: result: /bin/sed
configure:6227: checking for fgrep
configure:6289: result: /bin/grep -F
configure:6324: checking for ld used by gcc
configure:6391: result: /usr/bin/ld
configure:6398: checking if the linker (/usr/bin/ld) is GNU ld
configure:6413: result: yes
configure:6425: checking for BSD- or MS-compatible name lister (nm)
configure:6474: result: /usr/bin/nm -B
configure:6604: checking the name lister (/usr/bin/nm -B) interface
configure:6611: gcc -c -g -O0  conftest.c >&5
configure:6614: /usr/bin/nm -B "conftest.o"
configure:6617: output
00000000 B some_variable
configure:6624: result: BSD nm
configure:6627: checking whether ln -s works
configure:6631: result: yes
configure:6639: checking the maximum length of command line arguments
configure:6769: result: 1572864
configure:6786: checking whether the shell understands some XSI constructs
configure:6796: result: yes
configure:6800: checking whether the shell understands "+="
configure:6806: result: yes
configure:6841: checking how to convert i686-pc-linux-gnu file names to i686-pc-linux-gnu format
configure:6881: result: func_convert_file_noop
configure:6888: checking how to convert i686-pc-linux-gnu file names to toolchain format
configure:6908: result: func_convert_file_noop
configure:6915: checking for /usr/bin/ld option to reload object files
configure:6922: result: -r
configure:6996: checking for objdump
configure:7012: found /usr/bin/objdump
configure:7023: result: objdump
configure:7055: checking how to recognize dependent libraries
configure:7257: result: pass_all
configure:7342: checking for dlltool
configure:7372: result: no
configure:7402: checking how to associate runtime and link libraries
configure:7429: result: printf %s\n
configure:7489: checking for ar
configure:7505: found /usr/bin/ar
configure:7516: result: ar
configure:7553: checking for archiver @FILE support
configure:7570: gcc -c -g -O0  conftest.c >&5
configure:7570: $? = 0
configure:7573: ar cru libconftest.a @conftest.lst >&5
configure:7576: $? = 0
configure:7581: ar cru libconftest.a @conftest.lst >&5
ar: conftest.o: No such file or directory
configure:7584: $? = 1
configure:7596: result: @
configure:7654: checking for strip
configure:7670: found /usr/bin/strip
configure:7681: result: strip
configure:7753: checking for ranlib
configure:7769: found /usr/bin/ranlib
configure:7780: result: ranlib
configure:7882: checking command to parse /usr/bin/nm -B output from gcc object
configure:8002: gcc -c -g -O0  conftest.c >&5
configure:8005: $? = 0
configure:8009: /usr/bin/nm -B conftest.o \| sed -n -e 's/^.*[ ]\([ABCDGIRSTW][ABCDGIRSTW]*\)[ ][ ]*\([_A-Za-z][_A-Za-z0-9]*\)$/\1 \2 \2/p' | sed '/ __gnu_lto/d' \> conftest.nm
configure:8012: $? = 0
configure:8078: gcc -o conftest -g -O0   conftest.c conftstm.o >&5
configure:8081: $? = 0
configure:8119: result: ok
configure:8156: checking for sysroot
configure:8186: result: no
configure:8442: checking for mt
configure:8458: found /bin/mt
configure:8469: result: mt
configure:8492: checking if mt is a manifest tool
configure:8498: mt '-?'
configure:8506: result: no
configure:9145: checking for dlfcn.h
configure:9145: gcc -c -g -O0  conftest.c >&5
configure:9145: $? = 0
configure:9145: result: yes
configure:9362: checking for objdir
configure:9377: result: .libs
configure:9644: checking if gcc supports -fno-rtti -fno-exceptions
configure:9662: gcc -c -g -O0  -fno-rtti -fno-exceptions conftest.c >&5
cc1: warning: command line option '-fno-rtti' is valid for C++/ObjC++ but not for C [enabled by default]
configure:9666: $? = 0
configure:9679: result: no
configure:10006: checking for gcc option to produce PIC
configure:10013: result: -fPIC -DPIC
configure:10021: checking if gcc PIC flag -fPIC -DPIC works
configure:10039: gcc -c -g -O0  -fPIC -DPIC -DPIC conftest.c >&5
configure:10043: $? = 0
configure:10056: result: yes
configure:10085: checking if gcc static flag -static works
configure:10113: result: yes
configure:10128: checking if gcc supports -c -o file.o
configure:10149: gcc -c -g -O0  -o out/conftest2.o conftest.c >&5
configure:10153: $? = 0
configure:10175: result: yes
configure:10183: checking if gcc supports -c -o file.o
configure:10230: result: yes
configure:10263: checking whether the gcc linker (/usr/bin/ld) supports shared libraries
configure:11420: result: yes
configure:11457: checking whether -lc should be explicitly linked in
configure:11465: gcc -c -g -O0  conftest.c >&5
configure:11468: $? = 0
configure:11483: gcc -shared  -fPIC -DPIC conftest.o  -v -Wl,-soname -Wl,conftest -o conftest 2\>\&1 \| /bin/grep  -lc  \>/dev/null 2\>\&1
configure:11486: $? = 0
configure:11500: result: no
configure:11660: checking dynamic linker characteristics
configure:12171: gcc -o conftest -g -O0   -Wl,-rpath -Wl,/foo conftest.c  >&5
configure:12171: $? = 0
configure:12405: result: GNU/Linux ld.so
configure:12512: checking how to hardcode library paths into programs
configure:12537: result: immediate
configure:13077: checking whether stripping libraries is possible
configure:13082: result: yes
configure:13117: checking if libtool supports shared libraries
configure:13119: result: yes
configure:13122: checking whether to build shared libraries
configure:13143: result: yes
configure:13146: checking whether to build static libraries
configure:13150: result: yes
configure:13173: checking how to run the C++ preprocessor
configure:13200: g++ -E  conftest.cpp
configure:13200: $? = 0
configure:13214: g++ -E  conftest.cpp
conftest.cpp:30:28: fatal error: ac_nonexistent.h: No such file or directory
compilation terminated.
configure:13214: $? = 1
configure: failed program was:
| /* confdefs.h */
| #define PACKAGE_NAME "rsccommon"
| #define PACKAGE_TARNAME "rsccommon"
| #define PACKAGE_VERSION "0.1-trunk"
| #define PACKAGE_STRING "rsccommon 0.1-trunk"
| #define PACKAGE_BUGREPORT ""
| #define PACKAGE_URL ""
| #define PACKAGE "rsccommon"
| #define VERSION "0.1-trunk"
| #define GETTEXT_PACKAGE "rsccommon"
| #define STDC_HEADERS 1
| #define HAVE_SYS_TYPES_H 1
| #define HAVE_SYS_STAT_H 1
| #define HAVE_STDLIB_H 1
| #define HAVE_STRING_H 1
| #define HAVE_MEMORY_H 1
| #define HAVE_STRINGS_H 1
| #define HAVE_INTTYPES_H 1
| #define HAVE_STDINT_H 1
| #define HAVE_UNISTD_H 1
| #define HAVE_LOCALE_H 1
| #define HAVE_LC_MESSAGES 1
| #define HAVE_BIND_TEXTDOMAIN_CODESET 1
| #define HAVE_GETTEXT 1
| #define HAVE_DCGETTEXT 1
| #define ENABLE_NLS 1
| #define HAVE_DLFCN_H 1
| #define LT_OBJDIR ".libs/"
| /* end confdefs.h.  */
| #include <ac_nonexistent.h>
configure:13239: result: g++ -E
configure:13259: g++ -E  conftest.cpp
configure:13259: $? = 0
configure:13273: g++ -E  conftest.cpp
conftest.cpp:30:28: fatal error: ac_nonexistent.h: No such file or directory
compilation terminated.
configure:13273: $? = 1
configure: failed program was:
| /* confdefs.h */
| #define PACKAGE_NAME "rsccommon"
| #define PACKAGE_TARNAME "rsccommon"
| #define PACKAGE_VERSION "0.1-trunk"
| #define PACKAGE_STRING "rsccommon 0.1-trunk"
| #define PACKAGE_BUGREPORT ""
| #define PACKAGE_URL ""
| #define PACKAGE "rsccommon"
| #define VERSION "0.1-trunk"
| #define GETTEXT_PACKAGE "rsccommon"
| #define STDC_HEADERS 1
| #define HAVE_SYS_TYPES_H 1
| #define HAVE_SYS_STAT_H 1
| #define HAVE_STDLIB_H 1
| #define HAVE_STRING_H 1
| #define HAVE_MEMORY_H 1
| #define HAVE_STRINGS_H 1
| #define HAVE_INTTYPES_H 1
| #define HAVE_STDINT_H 1
| #define HAVE_UNISTD_H 1
| #define HAVE_LOCALE_H 1
| #define HAVE_LC_MESSAGES 1
| #define HAVE_BIND_TEXTDOMAIN_CODESET 1
| #define HAVE_GETTEXT 1
| #define HAVE_DCGETTEXT 1
| #define ENABLE_NLS 1
| #define HAVE_DLFCN_H 1
| #define LT_OBJDIR ".libs/"
| /* end confdefs.h.  */
| #include <ac_nonexistent.h>
configure:13442: checking for ld used by g++
configure:13509: result: /usr/bin/ld
configure:13516: checking if the linker (/usr/bin/ld) is GNU ld
configure:13531: result: yes
configure:13586: checking whether the g++ linker (/usr/bin/ld) supports shared libraries
configure:14591: result: yes
configure:14627: g++ -c -g -O0  conftest.cpp >&5
configure:14630: $? = 0
configure:15150: checking for g++ option to produce PIC
configure:15157: result: -fPIC -DPIC
configure:15165: checking if g++ PIC flag -fPIC -DPIC works
configure:15183: g++ -c -g -O0  -fPIC -DPIC -DPIC conftest.cpp >&5
configure:15187: $? = 0
configure:15200: result: yes
configure:15223: checking if g++ static flag -static works
configure:15251: result: yes
configure:15263: checking if g++ supports -c -o file.o
configure:15284: g++ -c -g -O0  -o out/conftest2.o conftest.cpp >&5
configure:15288: $? = 0
configure:15310: result: yes
configure:15315: checking if g++ supports -c -o file.o
configure:15362: result: yes
configure:15392: checking whether the g++ linker (/usr/bin/ld) supports shared libraries
configure:15431: result: yes
configure:15572: checking dynamic linker characteristics
configure:16251: result: GNU/Linux ld.so
configure:16304: checking how to hardcode library paths into programs
configure:16329: result: immediate
configure:16536: creating ./config.status

## ---------------------- ##
## Running config.status. ##
## ---------------------- ##

This file was extended by rsccommon config.status 0.1-trunk, which was
generated by GNU Autoconf 2.68.  Invocation command line was

  CONFIG_FILES    = 
  CONFIG_HEADERS  = 
  CONFIG_LINKS    = 
  CONFIG_COMMANDS = 
  $ ./config.status 

on rgwan-desktop

config.status:1235: creating Makefile
config.status:1235: creating src/Makefile
config.status:1235: creating po/Makefile.in
config.status:1235: creating lib/Makefile
config.status:1235: creating config.h
config.status:1449: executing depfiles commands
config.status:1449: executing default-1 commands
config.status:1449: executing libtool commands
config.status:1449: executing po/stamp-it commands
configure:19064: WARNING: unrecognized options: --enable-maintainer-mode

## ---------------- ##
## Cache variables. ##
## ---------------- ##

ac_cv_build=i686-pc-linux-gnu
ac_cv_c_compiler_gnu=yes
ac_cv_cxx_compiler_gnu=yes
ac_cv_env_CCC_set=
ac_cv_env_CCC_value=
ac_cv_env_CC_set=
ac_cv_env_CC_value=
ac_cv_env_CFLAGS_set=set
ac_cv_env_CFLAGS_value='-g -O0'
ac_cv_env_CPPFLAGS_set=
ac_cv_env_CPPFLAGS_value=
ac_cv_env_CPP_set=
ac_cv_env_CPP_value=
ac_cv_env_CXXCPP_set=
ac_cv_env_CXXCPP_value=
ac_cv_env_CXXFLAGS_set=set
ac_cv_env_CXXFLAGS_value='-g -O0'
ac_cv_env_CXX_set=
ac_cv_env_CXX_value=
ac_cv_env_LDFLAGS_set=
ac_cv_env_LDFLAGS_value=
ac_cv_env_LIBS_set=
ac_cv_env_LIBS_value=
ac_cv_env_build_alias_set=
ac_cv_env_build_alias_value=
ac_cv_env_host_alias_set=
ac_cv_env_host_alias_value=
ac_cv_env_target_alias_set=
ac_cv_env_target_alias_value=
ac_cv_func_bind_textdomain_codeset=yes
ac_cv_func_dcgettext=yes
ac_cv_header_dlfcn_h=yes
ac_cv_header_inttypes_h=yes
ac_cv_header_libintl_h=yes
ac_cv_header_locale_h=yes
ac_cv_header_memory_h=yes
ac_cv_header_stdc=yes
ac_cv_header_stdint_h=yes
ac_cv_header_stdlib_h=yes
ac_cv_header_string_h=yes
ac_cv_header_strings_h=yes
ac_cv_header_sys_stat_h=yes
ac_cv_header_sys_types_h=yes
ac_cv_header_unistd_h=yes
ac_cv_host=i686-pc-linux-gnu
ac_cv_objext=o
ac_cv_path_EGREP='/bin/grep -E'
ac_cv_path_FGREP='/bin/grep -F'
ac_cv_path_GMSGFMT=/usr/bin/msgfmt
ac_cv_path_GREP=/bin/grep
ac_cv_path_INTLTOOL_EXTRACT=/usr/bin/intltool-extract
ac_cv_path_INTLTOOL_MERGE=/usr/bin/intltool-merge
ac_cv_path_INTLTOOL_PERL=/usr/bin/perl
ac_cv_path_INTLTOOL_UPDATE=/usr/bin/intltool-update
ac_cv_path_MSGFMT=/usr/bin/msgfmt
ac_cv_path_MSGMERGE=/usr/bin/msgmerge
ac_cv_path_SED=/bin/sed
ac_cv_path_XGETTEXT=/usr/bin/xgettext
ac_cv_path_install='/usr/bin/install -c'
ac_cv_path_mkdir=/bin/mkdir
ac_cv_prog_AWK=gawk
ac_cv_prog_CPP='gcc -E'
ac_cv_prog_CXXCPP='g++ -E'
ac_cv_prog_ac_ct_AR=ar
ac_cv_prog_ac_ct_CC=gcc
ac_cv_prog_ac_ct_CXX=g++
ac_cv_prog_ac_ct_MANIFEST_TOOL=mt
ac_cv_prog_ac_ct_OBJDUMP=objdump
ac_cv_prog_ac_ct_RANLIB=ranlib
ac_cv_prog_ac_ct_STRIP=strip
ac_cv_prog_cc_c89=
ac_cv_prog_cc_g=yes
ac_cv_prog_cxx_g=yes
ac_cv_prog_make_make_set=yes
am_cv_CC_dependencies_compiler_type=gcc3
am_cv_CXX_dependencies_compiler_type=gcc3
am_cv_make_support_nested_variables=yes
am_cv_val_LC_MESSAGES=yes
gt_cv_func_dgettext_libc=yes
gt_cv_func_dgettext_libintl=no
gt_cv_func_ngettext_libc=yes
gt_cv_have_gettext=yes
lt_cv_ar_at_file=@
lt_cv_archive_cmds_need_lc=no
lt_cv_deplibs_check_method=pass_all
lt_cv_file_magic_cmd='$MAGIC_CMD'
lt_cv_file_magic_test_file=
lt_cv_ld_reload_flag=-r
lt_cv_nm_interface='BSD nm'
lt_cv_objdir=.libs
lt_cv_path_LD=/usr/bin/ld
lt_cv_path_LDCXX=/usr/bin/ld
lt_cv_path_NM='/usr/bin/nm -B'
lt_cv_path_mainfest_tool=no
lt_cv_prog_compiler_c_o=yes
lt_cv_prog_compiler_c_o_CXX=yes
lt_cv_prog_compiler_pic='-fPIC -DPIC'
lt_cv_prog_compiler_pic_CXX='-fPIC -DPIC'
lt_cv_prog_compiler_pic_works=yes
lt_cv_prog_compiler_pic_works_CXX=yes
lt_cv_prog_compiler_rtti_exceptions=no
lt_cv_prog_compiler_static_works=yes
lt_cv_prog_compiler_static_works_CXX=yes
lt_cv_prog_gnu_ld=yes
lt_cv_prog_gnu_ldcxx=yes
lt_cv_sharedlib_from_linklib_cmd='printf %s\n'
lt_cv_shlibpath_overrides_runpath=no
lt_cv_sys_global_symbol_pipe='sed -n -e '\''s/^.*[	 ]\([ABCDGIRSTW][ABCDGIRSTW]*\)[	 ][	 ]*\([_A-Za-z][_A-Za-z0-9]*\)$/\1 \2 \2/p'\'' | sed '\''/ __gnu_lto/d'\'''
lt_cv_sys_global_symbol_to_c_name_address='sed -n -e '\''s/^: \([^ ]*\)[ ]*$/  {\"\1\", (void *) 0},/p'\'' -e '\''s/^[ABCDGIRSTW]* \([^ ]*\) \([^ ]*\)$/  {"\2", (void *) \&\2},/p'\'''
lt_cv_sys_global_symbol_to_c_name_address_lib_prefix='sed -n -e '\''s/^: \([^ ]*\)[ ]*$/  {\"\1\", (void *) 0},/p'\'' -e '\''s/^[ABCDGIRSTW]* \([^ ]*\) \(lib[^ ]*\)$/  {"\2", (void *) \&\2},/p'\'' -e '\''s/^[ABCDGIRSTW]* \([^ ]*\) \([^ ]*\)$/  {"lib\2", (void *) \&\2},/p'\'''
lt_cv_sys_global_symbol_to_cdecl='sed -n -e '\''s/^T .* \(.*\)$/extern int \1();/p'\'' -e '\''s/^[ABCDGIRSTW]* .* \(.*\)$/extern char \1;/p'\'''
lt_cv_sys_max_cmd_len=1572864
lt_cv_to_host_file_cmd=func_convert_file_noop
lt_cv_to_tool_file_cmd=func_convert_file_noop

## ----------------- ##
## Output variables. ##
## ----------------- ##

ACLOCAL='${SHELL} /home/rgwan/Projects/Rocaloid/rsccommon/missing --run aclocal-1.11'
ALL_LINGUAS=''
AMDEPBACKSLASH='\'
AMDEP_FALSE='#'
AMDEP_TRUE=''
AMTAR='$${TAR-tar}'
AM_BACKSLASH='\'
AM_DEFAULT_V='$(AM_DEFAULT_VERBOSITY)'
AM_DEFAULT_VERBOSITY='0'
AM_V='$(V)'
AR='ar'
AUTOCONF='${SHELL} /home/rgwan/Projects/Rocaloid/rsccommon/missing --run autoconf'
AUTOHEADER='${SHELL} /home/rgwan/Projects/Rocaloid/rsccommon/missing --run autoheader'
AUTOMAKE='${SHELL} /home/rgwan/Projects/Rocaloid/rsccommon/missing --run automake-1.11'
AWK='gawk'
CATALOGS=''
CATOBJEXT='.gmo'
CC='gcc'
CCDEPMODE='depmode=gcc3'
CFLAGS='-g -O0'
CPP='gcc -E'
CPPFLAGS=''
CXX='g++'
CXXCPP='g++ -E'
CXXDEPMODE='depmode=gcc3'
CXXFLAGS='-g -O0'
CYGPATH_W='echo'
DATADIRNAME='share'
DEFS='-DHAVE_CONFIG_H'
DEPDIR='.deps'
DLLTOOL='false'
DSYMUTIL=''
DUMPBIN=''
ECHO_C=''
ECHO_N='-n'
ECHO_T=''
EGREP='/bin/grep -E'
EXEEXT=''
FGREP='/bin/grep -F'
GETTEXT_PACKAGE='rsccommon'
GMOFILES=''
GMSGFMT='/usr/bin/msgfmt'
GREP='/bin/grep'
INSTALL_DATA='${INSTALL} -m 644'
INSTALL_PROGRAM='${INSTALL}'
INSTALL_SCRIPT='${INSTALL}'
INSTALL_STRIP_PROGRAM='$(install_sh) -c -s'
INSTOBJEXT='.mo'
INTLLIBS=''
INTLTOOL_CAVES_RULE='%.caves:     %.caves.in     $(INTLTOOL_MERGE) $(wildcard $(top_srcdir)/po/*.po) ; $(INTLTOOL_V_MERGE)LC_ALL=C $(INTLTOOL_MERGE) $(INTLTOOL_V_MERGE_OPTIONS) -d -u -c $(top_builddir)/po/.intltool-merge-cache $(top_srcdir)/po $< $@'
INTLTOOL_DESKTOP_RULE='%.desktop:   %.desktop.in   $(INTLTOOL_MERGE) $(wildcard $(top_srcdir)/po/*.po) ; $(INTLTOOL_V_MERGE)LC_ALL=C $(INTLTOOL_MERGE) $(INTLTOOL_V_MERGE_OPTIONS) -d -u -c $(top_builddir)/po/.intltool-merge-cache $(top_srcdir)/po $< $@'
INTLTOOL_DIRECTORY_RULE='%.directory: %.directory.in $(INTLTOOL_MERGE) $(wildcard $(top_srcdir)/po/*.po) ; $(INTLTOOL_V_MERGE)LC_ALL=C $(INTLTOOL_MERGE) $(INTLTOOL_V_MERGE_OPTIONS) -d -u -c $(top_builddir)/po/.intltool-merge-cache $(top_srcdir)/po $< $@'
INTLTOOL_EXTRACT='/usr/bin/intltool-extract'
INTLTOOL_KBD_RULE='%.kbd:       %.kbd.in       $(INTLTOOL_MERGE) $(wildcard $(top_srcdir)/po/*.po) ; $(INTLTOOL_V_MERGE)LC_ALL=C $(INTLTOOL_MERGE) $(INTLTOOL_V_MERGE_OPTIONS) -x -u -m -c $(top_builddir)/po/.intltool-merge-cache $(top_srcdir)/po $< $@'
INTLTOOL_KEYS_RULE='%.keys:      %.keys.in      $(INTLTOOL_MERGE) $(wildcard $(top_srcdir)/po/*.po) ; $(INTLTOOL_V_MERGE)LC_ALL=C $(INTLTOOL_MERGE) $(INTLTOOL_V_MERGE_OPTIONS) -k -u -c $(top_builddir)/po/.intltool-merge-cache $(top_srcdir)/po $< $@'
INTLTOOL_MERGE='/usr/bin/intltool-merge'
INTLTOOL_OAF_RULE='%.oaf:       %.oaf.in       $(INTLTOOL_MERGE) $(wildcard $(top_srcdir)/po/*.po) ; $(INTLTOOL_V_MERGE)LC_ALL=C $(INTLTOOL_MERGE) $(INTLTOOL_V_MERGE_OPTIONS) -o -p $(top_srcdir)/po $< $@'
INTLTOOL_PERL='/usr/bin/perl'
INTLTOOL_POLICY_RULE='%.policy:    %.policy.in    $(INTLTOOL_MERGE) $(wildcard $(top_srcdir)/po/*.po) ; $(INTLTOOL_V_MERGE)LC_ALL=C $(INTLTOOL_MERGE) $(INTLTOOL_V_MERGE_OPTIONS) -x -u -c $(top_builddir)/po/.intltool-merge-cache $(top_srcdir)/po $< $@'
INTLTOOL_PONG_RULE='%.pong:      %.pong.in      $(INTLTOOL_MERGE) $(wildcard $(top_srcdir)/po/*.po) ; $(INTLTOOL_V_MERGE)LC_ALL=C $(INTLTOOL_MERGE) $(INTLTOOL_V_MERGE_OPTIONS) -x -u -c $(top_builddir)/po/.intltool-merge-cache $(top_srcdir)/po $< $@'
INTLTOOL_PROP_RULE='%.prop:      %.prop.in      $(INTLTOOL_MERGE) $(wildcard $(top_srcdir)/po/*.po) ; $(INTLTOOL_V_MERGE)LC_ALL=C $(INTLTOOL_MERGE) $(INTLTOOL_V_MERGE_OPTIONS) -d -u -c $(top_builddir)/po/.intltool-merge-cache $(top_srcdir)/po $< $@'
INTLTOOL_SCHEMAS_RULE='%.schemas:   %.schemas.in   $(INTLTOOL_MERGE) $(wildcard $(top_srcdir)/po/*.po) ; $(INTLTOOL_V_MERGE)LC_ALL=C $(INTLTOOL_MERGE) $(INTLTOOL_V_MERGE_OPTIONS) -s -u -c $(top_builddir)/po/.intltool-merge-cache $(top_srcdir)/po $< $@'
INTLTOOL_SERVER_RULE='%.server:    %.server.in    $(INTLTOOL_MERGE) $(wildcard $(top_srcdir)/po/*.po) ; $(INTLTOOL_V_MERGE)LC_ALL=C $(INTLTOOL_MERGE) $(INTLTOOL_V_MERGE_OPTIONS) -o -u -c $(top_builddir)/po/.intltool-merge-cache $(top_srcdir)/po $< $@'
INTLTOOL_SERVICE_RULE='%.service: %.service.in   $(INTLTOOL_MERGE) $(wildcard $(top_srcdir)/po/*.po) ; $(INTLTOOL_V_MERGE)LC_ALL=C $(INTLTOOL_MERGE) $(INTLTOOL_V_MERGE_OPTIONS) -d -u -c $(top_builddir)/po/.intltool-merge-cache $(top_srcdir)/po $< $@'
INTLTOOL_SHEET_RULE='%.sheet:     %.sheet.in     $(INTLTOOL_MERGE) $(wildcard $(top_srcdir)/po/*.po) ; $(INTLTOOL_V_MERGE)LC_ALL=C $(INTLTOOL_MERGE) $(INTLTOOL_V_MERGE_OPTIONS) -x -u -c $(top_builddir)/po/.intltool-merge-cache $(top_srcdir)/po $< $@'
INTLTOOL_SOUNDLIST_RULE='%.soundlist: %.soundlist.in $(INTLTOOL_MERGE) $(wildcard $(top_srcdir)/po/*.po) ; $(INTLTOOL_V_MERGE)LC_ALL=C $(INTLTOOL_MERGE) $(INTLTOOL_V_MERGE_OPTIONS) -d -u -c $(top_builddir)/po/.intltool-merge-cache $(top_srcdir)/po $< $@'
INTLTOOL_THEME_RULE='%.theme:     %.theme.in     $(INTLTOOL_MERGE) $(wildcard $(top_srcdir)/po/*.po) ; $(INTLTOOL_V_MERGE)LC_ALL=C $(INTLTOOL_MERGE) $(INTLTOOL_V_MERGE_OPTIONS) -d -u -c $(top_builddir)/po/.intltool-merge-cache $(top_srcdir)/po $< $@'
INTLTOOL_UI_RULE='%.ui:        %.ui.in        $(INTLTOOL_MERGE) $(wildcard $(top_srcdir)/po/*.po) ; $(INTLTOOL_V_MERGE)LC_ALL=C $(INTLTOOL_MERGE) $(INTLTOOL_V_MERGE_OPTIONS) -x -u -c $(top_builddir)/po/.intltool-merge-cache $(top_srcdir)/po $< $@'
INTLTOOL_UPDATE='/usr/bin/intltool-update'
INTLTOOL_V_MERGE='$(INTLTOOL__v_MERGE_$(V))'
INTLTOOL_V_MERGE_OPTIONS='$(intltool__v_merge_options_$(V))'
INTLTOOL_XAM_RULE='%.xam:       %.xml.in       $(INTLTOOL_MERGE) $(wildcard $(top_srcdir)/po/*.po) ; $(INTLTOOL_V_MERGE)LC_ALL=C $(INTLTOOL_MERGE) $(INTLTOOL_V_MERGE_OPTIONS) -x -u -c $(top_builddir)/po/.intltool-merge-cache $(top_srcdir)/po $< $@'
INTLTOOL_XML_NOMERGE_RULE='%.xml:       %.xml.in       $(INTLTOOL_MERGE) ; $(INTLTOOL_V_MERGE)LC_ALL=C $(INTLTOOL_MERGE) $(INTLTOOL_V_MERGE_OPTIONS) -x -u --no-translations $< $@'
INTLTOOL_XML_RULE='%.xml:       %.xml.in       $(INTLTOOL_MERGE) $(wildcard $(top_srcdir)/po/*.po) ; $(INTLTOOL_V_MERGE)LC_ALL=C $(INTLTOOL_MERGE) $(INTLTOOL_V_MERGE_OPTIONS) -x -u -c $(top_builddir)/po/.intltool-merge-cache $(top_srcdir)/po $< $@'
INTLTOOL__v_MERGE_0='@echo "  ITMRG " $@;'
INTLTOOL__v_MERGE_='$(INTLTOOL__v_MERGE_$(AM_DEFAULT_VERBOSITY))'
LD='/usr/bin/ld'
LDFLAGS=''
LIBOBJS=''
LIBS=''
LIBTOOL='$(SHELL) $(top_builddir)/libtool'
LIPO=''
LN_S='ln -s'
LTLIBOBJS=''
MAKEINFO='${SHELL} /home/rgwan/Projects/Rocaloid/rsccommon/missing --run makeinfo'
MANIFEST_TOOL=':'
MKDIR_P='/bin/mkdir -p'
MKINSTALLDIRS='/home/rgwan/Projects/Rocaloid/rsccommon/mkinstalldirs'
MSGFMT='/usr/bin/msgfmt'
MSGFMT_OPTS='-c'
MSGMERGE='/usr/bin/msgmerge'
NM='/usr/bin/nm -B'
NMEDIT=''
OBJDUMP='objdump'
OBJEXT='o'
OTOOL64=''
OTOOL=''
PACKAGE='rsccommon'
PACKAGE_BUGREPORT=''
PACKAGE_NAME='rsccommon'
PACKAGE_STRING='rsccommon 0.1-trunk'
PACKAGE_TARNAME='rsccommon'
PACKAGE_URL=''
PACKAGE_VERSION='0.1-trunk'
PATH_SEPARATOR=':'
POFILES=''
POSUB='po'
PO_IN_DATADIR_FALSE=''
PO_IN_DATADIR_TRUE=''
RANLIB='ranlib'
SED='/bin/sed'
SET_MAKE=''
SHELL='/bin/bash'
STRIP='strip'
USE_NLS='yes'
VERSION='0.1-trunk'
XGETTEXT='/usr/bin/xgettext'
ac_ct_AR='ar'
ac_ct_CC='gcc'
ac_ct_CXX='g++'
ac_ct_DUMPBIN=''
am__EXEEXT_FALSE=''
am__EXEEXT_TRUE='#'
am__fastdepCC_FALSE='#'
am__fastdepCC_TRUE=''
am__fastdepCXX_FALSE='#'
am__fastdepCXX_TRUE=''
am__include='include'
am__isrc=' -I$(srcdir)'
am__leading_dot='.'
am__nodep='_no'
am__quote=''
am__tar='$${TAR-tar} chof - "$$tardir"'
am__untar='$${TAR-tar} xf -'
bindir='${exec_prefix}/bin'
build='i686-pc-linux-gnu'
build_alias=''
build_cpu='i686'
build_os='linux-gnu'
build_vendor='pc'
datadir='${datarootdir}'
datarootdir='${prefix}/share'
docdir='${datarootdir}/doc/${PACKAGE_TARNAME}'
dvidir='${docdir}'
exec_prefix='${prefix}'
host='i686-pc-linux-gnu'
host_alias=''
host_cpu='i686'
host_os='linux-gnu'
host_vendor='pc'
htmldir='${docdir}'
includedir='${prefix}/include'
infodir='${datarootdir}/info'
install_sh='${SHELL} /home/rgwan/Projects/Rocaloid/rsccommon/install-sh'
intltool__v_merge_options_0='-q'
intltool__v_merge_options_='$(intltool__v_merge_options_$(AM_DEFAULT_VERBOSITY))'
libdir='${exec_prefix}/lib'
libexecdir='${exec_prefix}/libexec'
localedir='${datarootdir}/locale'
localstatedir='${prefix}/var'
mandir='${datarootdir}/man'
mkdir_p='/bin/mkdir -p'
oldincludedir='/usr/include'
pdfdir='${docdir}'
prefix='/usr/local'
program_transform_name='s,x,x,'
psdir='${docdir}'
sbindir='${exec_prefix}/sbin'
sharedstatedir='${prefix}/com'
sysconfdir='${prefix}/etc'
target_alias=''

## ----------- ##
## confdefs.h. ##
## ----------- ##

/* confdefs.h */
#define PACKAGE_NAME "rsccommon"
#define PACKAGE_TARNAME "rsccommon"
#define PACKAGE_VERSION "0.1-trunk"
#define PACKAGE_STRING "rsccommon 0.1-trunk"
#define PACKAGE_BUGREPORT ""
#define PACKAGE_URL ""
#define PACKAGE "rsccommon"
#define VERSION "0.1-trunk"
#define GETTEXT_PACKAGE "rsccommon"
#define STDC_HEADERS 1
#define HAVE_SYS_TYPES_H 1
#define HAVE_SYS_STAT_H 1
#define HAVE_STDLIB_H 1
#define HAVE_STRING_H 1
#define HAVE_MEMORY_H 1
#define HAVE_STRINGS_H 1
#define HAVE_INTTYPES_H 1
#define HAVE_STDINT_H 1
#define HAVE_UNISTD_H 1
#define HAVE_LOCALE_H 1
#define HAVE_LC_MESSAGES 1
#define HAVE_BIND_TEXTDOMAIN_CODESET 1
#define HAVE_GETTEXT 1
#define HAVE_DCGETTEXT 1
#define ENABLE_NLS 1
#define HAVE_DLFCN_H 1
#define LT_OBJDIR ".libs/"

configure: exit 0

## ---------------------- ##
## Running config.status. ##
## ---------------------- ##

This file was extended by rsccommon config.status 0.1-trunk, which was
generated by GNU Autoconf 2.68.  Invocation command line was

  CONFIG_FILES    = 
  CONFIG_HEADERS  = 
  CONFIG_LINKS    = 
  CONFIG_COMMANDS = 
  $ ./config.status src/Makefile depfiles

on rgwan-desktop

config.status:1235: creating src/Makefile
config.status:1449: executing depfiles commands

## ---------------------- ##
## Running config.status. ##
## ---------------------- ##

This file was extended by rsccommon config.status 0.1-trunk, which was
generated by GNU Autoconf 2.68.  Invocation command line was

  CONFIG_FILES    = 
  CONFIG_HEADERS  = 
  CONFIG_LINKS    = 
  CONFIG_COMMANDS = 
  $ ./config.status lib/Makefile depfiles

on rgwan-desktop

config.status:1235: creating lib/Makefile
config.status:1449: executing depfiles commands

## ---------------------- ##
## Running config.status. ##
## ---------------------- ##

This file was extended by rsccommon config.status 0.1-trunk, which was
generated by GNU Autoconf 2.68.  Invocation command line was

  CONFIG_FILES    = 
  CONFIG_HEADERS  = 
  CONFIG_LINKS    = 
  CONFIG_COMMANDS = 
  $ ./config.status src/Makefile depfiles

on rgwan-desktop

config.status:1235: creating src/Makefile
config.status:1449: executing depfiles commands

## ---------------------- ##
## Running config.status. ##
## ---------------------- ##

This file was extended by rsccommon config.status 0.1-trunk, which was
generated by GNU Autoconf 2.68.  Invocation command line was

  CONFIG_FILES    = 
  CONFIG_HEADERS  = 
  CONFIG_LINKS    = 
  CONFIG_COMMANDS = 
  $ ./config.status lib/Makefile depfiles

on rgwan-desktop

config.status:1235: creating lib/Makefile
config.status:1449: executing depfiles commands
